<?xml version="1.0" encoding="UTF-8"?>
<!-- Generated by org.testng.reporters.JUnitReportReporter -->
<testsuite hostname="DESKTOP-Q8TTMMF" failures="0" tests="1" name="SelTestNGdemo.parameterdemo" time="9.032" errors="0" timestamp="2024-09-20T07:28:12 IST" skipped="0">
  <testcase classname="SelTestNGdemo.parameterdemo" name="login" time="9.032"/>
</testsuite> <!-- SelTestNGdemo.parameterdemo -->
