<?xml version="1.0" encoding="UTF-8"?>
<!-- Generated by org.testng.reporters.JUnitReportReporter -->
<testsuite hostname="DESKTOP-Q8TTMMF" failures="0" tests="2" name="SelTestNGdemo.Multipleexecution" time="37.879" errors="0" timestamp="2024-09-10T11:40:50 IST" skipped="0">
  <testcase classname="SelTestNGdemo.Multipleexecution" name="loginorangehrm" time="18.115"/>
  <testcase classname="SelTestNGdemo.Multipleexecution" name="loginorangehrm" time="19.764"/>
</testsuite> <!-- SelTestNGdemo.Multipleexecution -->
