<?xml version="1.0" encoding="UTF-8"?>
<!-- Generated by org.testng.reporters.JUnitReportReporter -->
<testsuite hostname="DESKTOP-Q8TTMMF" failures="0" tests="1" name="SelTestNGdemo.assertEqual" time="11.929" errors="0" timestamp="2024-10-15T11:05:11 IST" skipped="0">
  <testcase classname="SelTestNGdemo.assertEqual" name="loginorangehrm" time="11.929"/>
</testsuite> <!-- SelTestNGdemo.assertEqual -->
