<?xml version="1.0" encoding="UTF-8"?>
<!-- Generated by org.testng.reporters.JUnitReportReporter -->
<testsuite hostname="DESKTOP-Q8TTMMF" failures="0" tests="1" name="SelTestNGdemo.sampletc" time="14.774" errors="0" timestamp="2024-09-10T09:21:12 IST" skipped="0">
  <testcase classname="SelTestNGdemo.sampletc" name="GooglePage" time="14.774"/>
</testsuite> <!-- SelTestNGdemo.sampletc -->
